[12-Feb-2020 17:41:28] NOTICE: fpm is running, pid 3140
[12-Feb-2020 17:41:28] NOTICE: ready to handle connections
[12-Feb-2020 19:16:51] ERROR: Another FPM instance seems to already listen on /home/kelly/.config/Local/run/50ByXuhfK/php/php-fpm.socket
[12-Feb-2020 19:16:51] ERROR: FPM initialization failed
[12-Feb-2020 19:16:51] ERROR: Another FPM instance seems to already listen on /home/kelly/.config/Local/run/50ByXuhfK/php/php-fpm.socket
[12-Feb-2020 19:16:51] ERROR: FPM initialization failed
[12-Feb-2020 19:16:52] ERROR: Another FPM instance seems to already listen on /home/kelly/.config/Local/run/50ByXuhfK/php/php-fpm.socket
[12-Feb-2020 19:16:52] ERROR: FPM initialization failed
[12-Feb-2020 19:16:52] ERROR: Another FPM instance seems to already listen on /home/kelly/.config/Local/run/50ByXuhfK/php/php-fpm.socket
[12-Feb-2020 19:16:52] ERROR: FPM initialization failed
[12-Feb-2020 21:14:46] NOTICE: fpm is running, pid 4057
[12-Feb-2020 21:14:46] NOTICE: ready to handle connections
[12-Feb-2020 21:31:09] ERROR: Another FPM instance seems to already listen on /home/kelly/.config/Local/run/50ByXuhfK/php/php-fpm.socket
[12-Feb-2020 21:31:09] ERROR: FPM initialization failed
[12-Feb-2020 21:31:09] ERROR: Another FPM instance seems to already listen on /home/kelly/.config/Local/run/50ByXuhfK/php/php-fpm.socket
[12-Feb-2020 21:31:09] ERROR: FPM initialization failed
[12-Feb-2020 21:31:10] ERROR: Another FPM instance seems to already listen on /home/kelly/.config/Local/run/50ByXuhfK/php/php-fpm.socket
[12-Feb-2020 21:31:10] ERROR: FPM initialization failed
[12-Feb-2020 21:31:10] ERROR: Another FPM instance seems to already listen on /home/kelly/.config/Local/run/50ByXuhfK/php/php-fpm.socket
[12-Feb-2020 21:31:10] ERROR: FPM initialization failed
[13-Feb-2020 10:45:16] NOTICE: fpm is running, pid 13023
[13-Feb-2020 10:45:16] NOTICE: ready to handle connections
[15-Feb-2020 09:24:52] NOTICE: fpm is running, pid 9727
[15-Feb-2020 09:24:52] NOTICE: ready to handle connections
[15-Feb-2020 10:54:56] ERROR: Another FPM instance seems to already listen on /home/kelly/.config/Local/run/50ByXuhfK/php/php-fpm.socket
[15-Feb-2020 10:54:56] ERROR: FPM initialization failed
[15-Feb-2020 10:54:57] ERROR: Another FPM instance seems to already listen on /home/kelly/.config/Local/run/50ByXuhfK/php/php-fpm.socket
[15-Feb-2020 10:54:57] ERROR: FPM initialization failed
[15-Feb-2020 10:54:58] ERROR: Another FPM instance seems to already listen on /home/kelly/.config/Local/run/50ByXuhfK/php/php-fpm.socket
[15-Feb-2020 10:54:58] ERROR: FPM initialization failed
[15-Feb-2020 10:54:58] ERROR: Another FPM instance seems to already listen on /home/kelly/.config/Local/run/50ByXuhfK/php/php-fpm.socket
[15-Feb-2020 10:54:58] ERROR: FPM initialization failed
[17-Feb-2020 08:09:26] NOTICE: fpm is running, pid 4176
[17-Feb-2020 08:09:26] NOTICE: ready to handle connections
[17-Feb-2020 08:15:00] ERROR: Another FPM instance seems to already listen on /home/kelly/.config/Local/run/50ByXuhfK/php/php-fpm.socket
[17-Feb-2020 08:15:00] ERROR: FPM initialization failed
[17-Feb-2020 08:15:01] ERROR: Another FPM instance seems to already listen on /home/kelly/.config/Local/run/50ByXuhfK/php/php-fpm.socket
[17-Feb-2020 08:15:01] ERROR: FPM initialization failed
[17-Feb-2020 08:15:02] ERROR: Another FPM instance seems to already listen on /home/kelly/.config/Local/run/50ByXuhfK/php/php-fpm.socket
[17-Feb-2020 08:15:02] ERROR: FPM initialization failed
[17-Feb-2020 08:15:02] ERROR: Another FPM instance seems to already listen on /home/kelly/.config/Local/run/50ByXuhfK/php/php-fpm.socket
[17-Feb-2020 08:15:02] ERROR: FPM initialization failed
[17-Feb-2020 22:53:38] ERROR: Another FPM instance seems to already listen on /home/kelly/.config/Local/run/50ByXuhfK/php/php-fpm.socket
[17-Feb-2020 22:53:38] ERROR: FPM initialization failed
[17-Feb-2020 22:53:39] ERROR: Another FPM instance seems to already listen on /home/kelly/.config/Local/run/50ByXuhfK/php/php-fpm.socket
[17-Feb-2020 22:53:39] ERROR: FPM initialization failed
[17-Feb-2020 22:53:40] ERROR: Another FPM instance seems to already listen on /home/kelly/.config/Local/run/50ByXuhfK/php/php-fpm.socket
[17-Feb-2020 22:53:40] ERROR: FPM initialization failed
[17-Feb-2020 22:53:40] ERROR: Another FPM instance seems to already listen on /home/kelly/.config/Local/run/50ByXuhfK/php/php-fpm.socket
[17-Feb-2020 22:53:40] ERROR: FPM initialization failed
[18-Feb-2020 08:15:00] ERROR: Another FPM instance seems to already listen on /home/kelly/.config/Local/run/50ByXuhfK/php/php-fpm.socket
[18-Feb-2020 08:15:00] ERROR: FPM initialization failed
[18-Feb-2020 08:15:01] ERROR: Another FPM instance seems to already listen on /home/kelly/.config/Local/run/50ByXuhfK/php/php-fpm.socket
[18-Feb-2020 08:15:01] ERROR: FPM initialization failed
[18-Feb-2020 08:15:01] ERROR: Another FPM instance seems to already listen on /home/kelly/.config/Local/run/50ByXuhfK/php/php-fpm.socket
[18-Feb-2020 08:15:01] ERROR: FPM initialization failed
[18-Feb-2020 08:15:02] ERROR: Another FPM instance seems to already listen on /home/kelly/.config/Local/run/50ByXuhfK/php/php-fpm.socket
[18-Feb-2020 08:15:02] ERROR: FPM initialization failed
[22-Feb-2020 15:16:36] NOTICE: fpm is running, pid 7199
[22-Feb-2020 15:16:36] NOTICE: ready to handle connections
[22-Feb-2020 20:49:01] ERROR: Another FPM instance seems to already listen on /home/kelly/.config/Local/run/50ByXuhfK/php/php-fpm.socket
[22-Feb-2020 20:49:01] ERROR: FPM initialization failed
[22-Feb-2020 20:49:01] ERROR: Another FPM instance seems to already listen on /home/kelly/.config/Local/run/50ByXuhfK/php/php-fpm.socket
[22-Feb-2020 20:49:01] ERROR: FPM initialization failed
[22-Feb-2020 20:49:02] ERROR: Another FPM instance seems to already listen on /home/kelly/.config/Local/run/50ByXuhfK/php/php-fpm.socket
[22-Feb-2020 20:49:02] ERROR: FPM initialization failed
[22-Feb-2020 20:49:02] ERROR: Another FPM instance seems to already listen on /home/kelly/.config/Local/run/50ByXuhfK/php/php-fpm.socket
[22-Feb-2020 20:49:02] ERROR: FPM initialization failed
[24-Feb-2020 08:25:41] NOTICE: fpm is running, pid 5169
[24-Feb-2020 08:25:41] NOTICE: ready to handle connections
[24-Feb-2020 19:28:35] ERROR: Another FPM instance seems to already listen on /home/kelly/.config/Local/run/50ByXuhfK/php/php-fpm.socket
[24-Feb-2020 19:28:35] ERROR: FPM initialization failed
[24-Feb-2020 19:28:35] ERROR: Another FPM instance seems to already listen on /home/kelly/.config/Local/run/50ByXuhfK/php/php-fpm.socket
[24-Feb-2020 19:28:35] ERROR: FPM initialization failed
[24-Feb-2020 19:28:36] ERROR: Another FPM instance seems to already listen on /home/kelly/.config/Local/run/50ByXuhfK/php/php-fpm.socket
[24-Feb-2020 19:28:36] ERROR: FPM initialization failed
[24-Feb-2020 19:28:37] ERROR: Another FPM instance seems to already listen on /home/kelly/.config/Local/run/50ByXuhfK/php/php-fpm.socket
[24-Feb-2020 19:28:37] ERROR: FPM initialization failed
[27-Feb-2020 08:32:32] NOTICE: fpm is running, pid 17261
[27-Feb-2020 08:32:32] NOTICE: ready to handle connections
[29-Feb-2020 13:41:08] NOTICE: fpm is running, pid 13528
[29-Feb-2020 13:41:08] NOTICE: ready to handle connections
[02-Mar-2020 12:44:45] ERROR: Another FPM instance seems to already listen on /home/kelly/.config/Local/run/50ByXuhfK/php/php-fpm.socket
[02-Mar-2020 12:44:45] ERROR: FPM initialization failed
[02-Mar-2020 12:44:45] ERROR: Another FPM instance seems to already listen on /home/kelly/.config/Local/run/50ByXuhfK/php/php-fpm.socket
[02-Mar-2020 12:44:45] ERROR: FPM initialization failed
[02-Mar-2020 12:44:46] ERROR: Another FPM instance seems to already listen on /home/kelly/.config/Local/run/50ByXuhfK/php/php-fpm.socket
[02-Mar-2020 12:44:46] ERROR: FPM initialization failed
[02-Mar-2020 12:44:47] ERROR: Another FPM instance seems to already listen on /home/kelly/.config/Local/run/50ByXuhfK/php/php-fpm.socket
[02-Mar-2020 12:44:47] ERROR: FPM initialization failed
[03-Mar-2020 08:24:13] NOTICE: fpm is running, pid 5175
[03-Mar-2020 08:24:13] NOTICE: ready to handle connections
[03-Mar-2020 08:28:33] WARNING: [pool www] child 5186 said into stderr: "php-fpm: pool www: symbol lookup error: php-fpm: pool www: undefined symbol: zip_libzip_version"
[03-Mar-2020 08:28:33] WARNING: [pool www] child 5186 exited with code 127 after 260.084696 seconds from start
[03-Mar-2020 08:28:33] NOTICE: [pool www] child 5784 started
[18-Mar-2020 21:29:12] NOTICE: fpm is running, pid 21628
[18-Mar-2020 21:29:12] NOTICE: ready to handle connections
[19-Mar-2020 17:30:38] NOTICE: fpm is running, pid 3212
[19-Mar-2020 17:30:38] NOTICE: ready to handle connections
[20-Mar-2020 11:40:30] NOTICE: fpm is running, pid 28415
[20-Mar-2020 11:40:30] NOTICE: ready to handle connections
[21-Mar-2020 09:31:55] NOTICE: fpm is running, pid 3245
[21-Mar-2020 09:31:55] NOTICE: ready to handle connections
